app/build/intermediates/manifest_merge_blame_file/debug/manifest-merger-blame-debug-report.txt
1<?xml version="1.0" encoding="utf-8"?>
2<manifest xmlns:android="http://schemas.android.com/apk/res/android"
3    package="com.androidmarket.pdfcreator"
4    android:versionCode="108"
5    android:versionName="8.8.1" >
6
7    <uses-sdk
8        android:minSdkVersion="21"
8-->src/main/AndroidManifest.xml
9        android:targetSdkVersion="30" />
9-->src/main/AndroidManifest.xml
10
11    <uses-permission
11-->src/main/AndroidManifest.xml:6:5-9:40
12        android:name="android.permission.WRITE_EXTERNAL_STORAGE"
12-->src/main/AndroidManifest.xml:7:9-65
13        android:maxSdkVersion="28" />
13-->src/main/AndroidManifest.xml:8:9-35
14    <uses-permission android:name="android.permission.READ_EXTERNAL_STORAGE" />
14-->src/main/AndroidManifest.xml:10:5-80
14-->src/main/AndroidManifest.xml:10:22-77
15
16    <uses-feature android:name="android.hardware.camera" />
16-->src/main/AndroidManifest.xml:12:5-60
16-->src/main/AndroidManifest.xml:12:19-57
17    <uses-feature
17-->src/main/AndroidManifest.xml:13:5-15:36
18        android:name="android.hardware.camera.autofocus"
18-->src/main/AndroidManifest.xml:14:9-57
19        android:required="false" />
19-->src/main/AndroidManifest.xml:15:9-33
20
21    <uses-permission android:name="android.permission.CAMERA" />
21-->src/main/AndroidManifest.xml:17:5-65
21-->src/main/AndroidManifest.xml:17:22-62
22
23    <uses-feature
23-->[com.journeyapps:zxing-android-embedded:3.4.0] AndroidManifest.xml:27:5-29:36
24        android:name="android.hardware.camera.front"
24-->[com.journeyapps:zxing-android-embedded:3.4.0] AndroidManifest.xml:28:9-53
25        android:required="false" />
25-->[com.journeyapps:zxing-android-embedded:3.4.0] AndroidManifest.xml:29:9-33
26    <uses-feature
26-->[com.journeyapps:zxing-android-embedded:3.4.0] AndroidManifest.xml:35:5-37:36
27        android:name="android.hardware.camera.flash"
27-->[com.journeyapps:zxing-android-embedded:3.4.0] AndroidManifest.xml:36:9-53
28        android:required="false" />
28-->[com.journeyapps:zxing-android-embedded:3.4.0] AndroidManifest.xml:37:9-33
29    <uses-feature
29-->[com.journeyapps:zxing-android-embedded:3.4.0] AndroidManifest.xml:38:5-40:36
30        android:name="android.hardware.screen.landscape"
30-->[com.journeyapps:zxing-android-embedded:3.4.0] AndroidManifest.xml:39:9-57
31        android:required="false" />
31-->[com.journeyapps:zxing-android-embedded:3.4.0] AndroidManifest.xml:40:9-33
32    <uses-feature
32-->[com.journeyapps:zxing-android-embedded:3.4.0] AndroidManifest.xml:41:5-43:36
33        android:name="android.hardware.wifi"
33-->[com.journeyapps:zxing-android-embedded:3.4.0] AndroidManifest.xml:42:9-45
34        android:required="false" /> <!-- Include required permissions for Google Mobile Ads to run -->
34-->[com.journeyapps:zxing-android-embedded:3.4.0] AndroidManifest.xml:43:9-33
35    <uses-permission android:name="android.permission.INTERNET" />
35-->[com.google.android.gms:play-services-ads-lite:19.8.0] AndroidManifest.xml:23:5-67
35-->[com.google.android.gms:play-services-ads-lite:19.8.0] AndroidManifest.xml:23:22-64
36    <uses-permission android:name="android.permission.ACCESS_NETWORK_STATE" /> <!-- Android package visibility setting -->
36-->[com.google.android.gms:play-services-ads-lite:19.8.0] AndroidManifest.xml:24:5-79
36-->[com.google.android.gms:play-services-ads-lite:19.8.0] AndroidManifest.xml:24:22-76
37    <queries>
37-->[com.google.android.gms:play-services-ads-lite:19.8.0] AndroidManifest.xml:27:5-43:15
38
39        <!-- For browser content -->
40        <intent>
40-->[com.google.android.gms:play-services-ads-lite:19.8.0] AndroidManifest.xml:30:9-36:18
41            <action android:name="android.intent.action.VIEW" />
41-->[com.google.android.gms:play-services-ads-lite:19.8.0] AndroidManifest.xml:31:13-65
41-->[com.google.android.gms:play-services-ads-lite:19.8.0] AndroidManifest.xml:31:21-62
42
43            <category android:name="android.intent.category.BROWSABLE" />
43-->[com.google.android.gms:play-services-ads-lite:19.8.0] AndroidManifest.xml:33:13-74
43-->[com.google.android.gms:play-services-ads-lite:19.8.0] AndroidManifest.xml:33:23-71
44
45            <data android:scheme="https" />
45-->[com.google.android.gms:play-services-ads-lite:19.8.0] AndroidManifest.xml:35:13-44
45-->[com.google.android.gms:play-services-ads-lite:19.8.0] AndroidManifest.xml:35:19-41
46        </intent>
47        <!-- End of browser content -->
48        <!-- For CustomTabsService -->
49        <intent>
49-->[com.google.android.gms:play-services-ads-lite:19.8.0] AndroidManifest.xml:39:9-41:18
50            <action android:name="android.support.customtabs.action.CustomTabsService" />
50-->[com.google.android.gms:play-services-ads-lite:19.8.0] AndroidManifest.xml:40:13-90
50-->[com.google.android.gms:play-services-ads-lite:19.8.0] AndroidManifest.xml:40:21-87
51        </intent>
52        <!-- End of CustomTabsService -->
53    </queries>
54
55    <uses-permission android:name="android.permission.WAKE_LOCK" />
55-->[androidx.work:work-runtime:2.1.0] AndroidManifest.xml:25:5-68
55-->[androidx.work:work-runtime:2.1.0] AndroidManifest.xml:25:22-65
56    <uses-permission android:name="android.permission.RECEIVE_BOOT_COMPLETED" />
56-->[androidx.work:work-runtime:2.1.0] AndroidManifest.xml:27:5-81
56-->[androidx.work:work-runtime:2.1.0] AndroidManifest.xml:27:22-78
57
58    <application
59        android:name="androidx.multidex.MultiDexApplication"
59-->src/main/AndroidManifest.xml:20:9-61
60        android:allowBackup="true"
60-->src/main/AndroidManifest.xml:21:9-35
61        android:appComponentFactory="androidx.core.app.CoreComponentFactory"
61-->[androidx.core:core:1.5.0-rc01] AndroidManifest.xml:24:18-86
62        android:authorities="com.androidmarket.pdfcreator.contentprovider"
62-->src/main/AndroidManifest.xml:22:9-63
63        android:debuggable="true"
64        android:fullBackupContent="@xml/backup_descriptor"
64-->src/main/AndroidManifest.xml:23:9-59
65        android:hardwareAccelerated="true"
65-->src/main/AndroidManifest.xml:24:9-43
66        android:icon="@drawable/icon"
66-->src/main/AndroidManifest.xml:25:9-38
67        android:label="@string/app_name"
67-->src/main/AndroidManifest.xml:26:9-41
68        android:largeHeap="true"
68-->src/main/AndroidManifest.xml:27:9-33
69        android:supportsRtl="true"
69-->src/main/AndroidManifest.xml:28:9-35
70        android:testOnly="true"
71        android:theme="@style/AppThemeWhite" >
71-->src/main/AndroidManifest.xml:29:9-45
72        <activity
72-->src/main/AndroidManifest.xml:31:9-34:59
73            android:name="com.theartofdev.edmodo.cropper.CropImageActivity"
73-->src/main/AndroidManifest.xml:32:13-76
74            android:screenOrientation="portrait"
74-->src/main/AndroidManifest.xml:33:13-49
75            android:theme="@style/Base.Theme.AppCompat" />
75-->src/main/AndroidManifest.xml:34:13-56
76        <activity android:name="com.androidmarket.pdfcreator.activities.ActivityCropImage" />
76-->src/main/AndroidManifest.xml:35:9-94
76-->src/main/AndroidManifest.xml:35:19-91
77
78        <provider
78-->src/main/AndroidManifest.xml:37:9-45:20
79            android:name="androidx.core.content.FileProvider"
79-->src/main/AndroidManifest.xml:38:13-62
80            android:authorities="com.com.shareFile"
80-->src/main/AndroidManifest.xml:39:13-52
81            android:exported="false"
81-->src/main/AndroidManifest.xml:40:13-37
82            android:grantUriPermissions="true" >
82-->src/main/AndroidManifest.xml:41:13-47
83            <meta-data
83-->src/main/AndroidManifest.xml:42:13-44:58
84                android:name="android.support.FILE_PROVIDER_PATHS"
84-->src/main/AndroidManifest.xml:43:17-67
85                android:resource="@xml/provider_paths" />
85-->src/main/AndroidManifest.xml:44:17-55
86        </provider>
87
88        <activity
88-->src/main/AndroidManifest.xml:47:9-49:52
89            android:name="com.androidmarket.pdfcreator.activities.ActivityImageEditor"
89-->src/main/AndroidManifest.xml:48:13-87
90            android:screenOrientation="portrait" />
90-->src/main/AndroidManifest.xml:49:13-49
91        <activity
91-->src/main/AndroidManifest.xml:50:9-52:52
92            android:name="com.androidmarket.pdfcreator.activities.ActivityPreview"
92-->src/main/AndroidManifest.xml:51:13-83
93            android:screenOrientation="portrait" />
93-->src/main/AndroidManifest.xml:52:13-49
94        <activity
94-->src/main/AndroidManifest.xml:53:9-55:52
95            android:name="com.androidmarket.pdfcreator.activities.ActivityRearrangeImages"
95-->src/main/AndroidManifest.xml:54:13-91
96            android:screenOrientation="portrait" />
96-->src/main/AndroidManifest.xml:55:13-49
97        <activity
97-->src/main/AndroidManifest.xml:56:9-58:52
98            android:name="com.androidmarket.pdfcreator.activities.ActivityImagesPreview"
98-->src/main/AndroidManifest.xml:57:13-89
99            android:screenOrientation="portrait" />
99-->src/main/AndroidManifest.xml:58:13-49
100        <activity
100-->src/main/AndroidManifest.xml:59:9-61:52
101            android:name="com.androidmarket.pdfcreator.activities.ActivityRearrangePdfPages"
101-->src/main/AndroidManifest.xml:60:13-93
102            android:screenOrientation="portrait" />
102-->src/main/AndroidManifest.xml:61:13-49
103        <activity
103-->src/main/AndroidManifest.xml:62:9-64:52
104            android:name="com.androidmarket.pdfcreator.activities.ActivityFavourites"
104-->src/main/AndroidManifest.xml:63:13-86
105            android:screenOrientation="portrait" />
105-->src/main/AndroidManifest.xml:64:13-49
106        <activity
106-->src/main/AndroidManifest.xml:66:9-71:20
107            android:name="com.androidmarket.pdfcreator.activities.HomeActivity"
107-->src/main/AndroidManifest.xml:67:13-80
108            android:exported="true"
108-->src/main/AndroidManifest.xml:68:13-36
109            android:screenOrientation="portrait" >
109-->src/main/AndroidManifest.xml:69:13-49
110        </activity>
111
112        <meta-data
112-->src/main/AndroidManifest.xml:74:9-76:52
113            android:name="com.google.android.gms.ads.APPLICATION_ID"
113-->src/main/AndroidManifest.xml:75:13-69
114            android:value="@string/app_id_admob" />
114-->src/main/AndroidManifest.xml:76:13-49
115
116        <activity
116-->src/main/AndroidManifest.xml:78:9-80:52
117            android:name="com.androidmarket.pdfcreator.activities.SecondActivity"
117-->src/main/AndroidManifest.xml:79:13-82
118            android:screenOrientation="portrait" />
118-->src/main/AndroidManifest.xml:80:13-49
119        <activity android:name="com.androidmarket.pdfcreator.activities.SplashActivity" >
119-->src/main/AndroidManifest.xml:82:9-88:20
119-->src/main/AndroidManifest.xml:82:19-88
120            <intent-filter>
120-->src/main/AndroidManifest.xml:83:13-86:29
121                <action android:name="android.intent.action.MAIN" />
121-->src/main/AndroidManifest.xml:84:17-69
121-->src/main/AndroidManifest.xml:84:25-66
122
123                <category android:name="android.intent.category.LAUNCHER" />
123-->src/main/AndroidManifest.xml:85:17-77
123-->src/main/AndroidManifest.xml:85:27-74
124            </intent-filter>
125        </activity>
126        <activity android:name="com.zhihu.matisse.ui.MatisseActivity" />
126-->[com.zhihu.android:matisse:0.5.3-beta3] AndroidManifest.xml:28:9-73
126-->[com.zhihu.android:matisse:0.5.3-beta3] AndroidManifest.xml:28:19-70
127        <activity android:name="com.zhihu.matisse.internal.ui.AlbumPreviewActivity" />
127-->[com.zhihu.android:matisse:0.5.3-beta3] AndroidManifest.xml:29:9-87
127-->[com.zhihu.android:matisse:0.5.3-beta3] AndroidManifest.xml:29:19-84
128        <activity android:name="com.zhihu.matisse.internal.ui.SelectedPreviewActivity" />
128-->[com.zhihu.android:matisse:0.5.3-beta3] AndroidManifest.xml:30:9-90
128-->[com.zhihu.android:matisse:0.5.3-beta3] AndroidManifest.xml:30:19-87
129        <activity
129-->[com.journeyapps:zxing-android-embedded:3.4.0] AndroidManifest.xml:46:9-52:63
130            android:name="com.journeyapps.barcodescanner.CaptureActivity"
130-->[com.journeyapps:zxing-android-embedded:3.4.0] AndroidManifest.xml:47:13-74
131            android:clearTaskOnLaunch="true"
131-->[com.journeyapps:zxing-android-embedded:3.4.0] AndroidManifest.xml:48:13-45
132            android:screenOrientation="sensorLandscape"
132-->[com.journeyapps:zxing-android-embedded:3.4.0] AndroidManifest.xml:49:13-56
133            android:stateNotNeeded="true"
133-->[com.journeyapps:zxing-android-embedded:3.4.0] AndroidManifest.xml:50:13-42
134            android:theme="@style/zxing_CaptureTheme"
134-->[com.journeyapps:zxing-android-embedded:3.4.0] AndroidManifest.xml:51:13-54
135            android:windowSoftInputMode="stateAlwaysHidden" /> <!-- Include the AdActivity and InAppPurchaseActivity configChanges and themes. -->
135-->[com.journeyapps:zxing-android-embedded:3.4.0] AndroidManifest.xml:52:13-60
136        <activity
136-->[com.google.android.gms:play-services-ads-lite:19.8.0] AndroidManifest.xml:48:9-52:64
137            android:name="com.google.android.gms.ads.AdActivity"
137-->[com.google.android.gms:play-services-ads-lite:19.8.0] AndroidManifest.xml:49:13-65
138            android:configChanges="keyboard|keyboardHidden|orientation|screenLayout|uiMode|screenSize|smallestScreenSize"
138-->[com.google.android.gms:play-services-ads-lite:19.8.0] AndroidManifest.xml:50:13-122
139            android:exported="false"
139-->[com.google.android.gms:play-services-ads-lite:19.8.0] AndroidManifest.xml:51:13-37
140            android:theme="@android:style/Theme.Translucent" />
140-->[com.google.android.gms:play-services-ads-lite:19.8.0] AndroidManifest.xml:52:13-61
141
142        <provider
142-->[com.google.android.gms:play-services-ads-lite:19.8.0] AndroidManifest.xml:54:9-58:39
143            android:name="com.google.android.gms.ads.MobileAdsInitProvider"
143-->[com.google.android.gms:play-services-ads-lite:19.8.0] AndroidManifest.xml:55:13-76
144            android:authorities="com.androidmarket.pdfcreator.mobileadsinitprovider"
144-->[com.google.android.gms:play-services-ads-lite:19.8.0] AndroidManifest.xml:56:13-73
145            android:exported="false"
145-->[com.google.android.gms:play-services-ads-lite:19.8.0] AndroidManifest.xml:57:13-37
146            android:initOrder="100" />
146-->[com.google.android.gms:play-services-ads-lite:19.8.0] AndroidManifest.xml:58:13-36
147
148        <service
148-->[com.google.android.gms:play-services-ads-lite:19.8.0] AndroidManifest.xml:60:9-63:40
149            android:name="com.google.android.gms.ads.AdService"
149-->[com.google.android.gms:play-services-ads-lite:19.8.0] AndroidManifest.xml:61:13-64
150            android:enabled="true"
150-->[com.google.android.gms:play-services-ads-lite:19.8.0] AndroidManifest.xml:62:13-35
151            android:exported="false" />
151-->[com.google.android.gms:play-services-ads-lite:19.8.0] AndroidManifest.xml:63:13-37
152
153        <provider
153-->[androidx.work:work-runtime:2.1.0] AndroidManifest.xml:30:9-36:35
154            android:name="androidx.work.impl.WorkManagerInitializer"
154-->[androidx.work:work-runtime:2.1.0] AndroidManifest.xml:31:13-69
155            android:authorities="com.androidmarket.pdfcreator.workmanager-init"
155-->[androidx.work:work-runtime:2.1.0] AndroidManifest.xml:32:13-68
156            android:directBootAware="false"
156-->[androidx.work:work-runtime:2.1.0] AndroidManifest.xml:33:13-44
157            android:exported="false"
157-->[androidx.work:work-runtime:2.1.0] AndroidManifest.xml:34:13-37
158            android:multiprocess="true" />
158-->[androidx.work:work-runtime:2.1.0] AndroidManifest.xml:35:13-40
159
160        <service
160-->[androidx.work:work-runtime:2.1.0] AndroidManifest.xml:38:9-43:35
161            android:name="androidx.work.impl.background.systemalarm.SystemAlarmService"
161-->[androidx.work:work-runtime:2.1.0] AndroidManifest.xml:39:13-88
162            android:directBootAware="false"
162-->[androidx.work:work-runtime:2.1.0] AndroidManifest.xml:40:13-44
163            android:enabled="@bool/enable_system_alarm_service_default"
163-->[androidx.work:work-runtime:2.1.0] AndroidManifest.xml:41:13-72
164            android:exported="false" />
164-->[androidx.work:work-runtime:2.1.0] AndroidManifest.xml:42:13-37
165        <service
165-->[androidx.work:work-runtime:2.1.0] AndroidManifest.xml:44:9-50:35
166            android:name="androidx.work.impl.background.systemjob.SystemJobService"
166-->[androidx.work:work-runtime:2.1.0] AndroidManifest.xml:45:13-84
167            android:directBootAware="false"
167-->[androidx.work:work-runtime:2.1.0] AndroidManifest.xml:46:13-44
168            android:enabled="@bool/enable_system_job_service_default"
168-->[androidx.work:work-runtime:2.1.0] AndroidManifest.xml:47:13-70
169            android:exported="true"
169-->[androidx.work:work-runtime:2.1.0] AndroidManifest.xml:48:13-36
170            android:permission="android.permission.BIND_JOB_SERVICE" />
170-->[androidx.work:work-runtime:2.1.0] AndroidManifest.xml:49:13-69
171
172        <receiver
172-->[androidx.work:work-runtime:2.1.0] AndroidManifest.xml:52:9-57:35
173            android:name="androidx.work.impl.utils.ForceStopRunnable$BroadcastReceiver"
173-->[androidx.work:work-runtime:2.1.0] AndroidManifest.xml:53:13-88
174            android:directBootAware="false"
174-->[androidx.work:work-runtime:2.1.0] AndroidManifest.xml:54:13-44
175            android:enabled="true"
175-->[androidx.work:work-runtime:2.1.0] AndroidManifest.xml:55:13-35
176            android:exported="false" />
176-->[androidx.work:work-runtime:2.1.0] AndroidManifest.xml:56:13-37
177        <receiver
177-->[androidx.work:work-runtime:2.1.0] AndroidManifest.xml:58:9-68:20
178            android:name="androidx.work.impl.background.systemalarm.ConstraintProxy$BatteryChargingProxy"
178-->[androidx.work:work-runtime:2.1.0] AndroidManifest.xml:59:13-106
179            android:directBootAware="false"
179-->[androidx.work:work-runtime:2.1.0] AndroidManifest.xml:60:13-44
180            android:enabled="false"
180-->[androidx.work:work-runtime:2.1.0] AndroidManifest.xml:61:13-36
181            android:exported="false" >
181-->[androidx.work:work-runtime:2.1.0] AndroidManifest.xml:62:13-37
182            <intent-filter>
182-->[androidx.work:work-runtime:2.1.0] AndroidManifest.xml:64:13-67:29
183                <action android:name="android.intent.action.ACTION_POWER_CONNECTED" />
183-->[androidx.work:work-runtime:2.1.0] AndroidManifest.xml:65:17-87
183-->[androidx.work:work-runtime:2.1.0] AndroidManifest.xml:65:25-84
184                <action android:name="android.intent.action.ACTION_POWER_DISCONNECTED" />
184-->[androidx.work:work-runtime:2.1.0] AndroidManifest.xml:66:17-90
184-->[androidx.work:work-runtime:2.1.0] AndroidManifest.xml:66:25-87
185            </intent-filter>
186        </receiver>
187        <receiver
187-->[androidx.work:work-runtime:2.1.0] AndroidManifest.xml:69:9-79:20
188            android:name="androidx.work.impl.background.systemalarm.ConstraintProxy$BatteryNotLowProxy"
188-->[androidx.work:work-runtime:2.1.0] AndroidManifest.xml:70:13-104
189            android:directBootAware="false"
189-->[androidx.work:work-runtime:2.1.0] AndroidManifest.xml:71:13-44
190            android:enabled="false"
190-->[androidx.work:work-runtime:2.1.0] AndroidManifest.xml:72:13-36
191            android:exported="false" >
191-->[androidx.work:work-runtime:2.1.0] AndroidManifest.xml:73:13-37
192            <intent-filter>
192-->[androidx.work:work-runtime:2.1.0] AndroidManifest.xml:75:13-78:29
193                <action android:name="android.intent.action.BATTERY_OKAY" />
193-->[androidx.work:work-runtime:2.1.0] AndroidManifest.xml:76:17-77
193-->[androidx.work:work-runtime:2.1.0] AndroidManifest.xml:76:25-74
194                <action android:name="android.intent.action.BATTERY_LOW" />
194-->[androidx.work:work-runtime:2.1.0] AndroidManifest.xml:77:17-76
194-->[androidx.work:work-runtime:2.1.0] AndroidManifest.xml:77:25-73
195            </intent-filter>
196        </receiver>
197        <receiver
197-->[androidx.work:work-runtime:2.1.0] AndroidManifest.xml:80:9-90:20
198            android:name="androidx.work.impl.background.systemalarm.ConstraintProxy$StorageNotLowProxy"
198-->[androidx.work:work-runtime:2.1.0] AndroidManifest.xml:81:13-104
199            android:directBootAware="false"
199-->[androidx.work:work-runtime:2.1.0] AndroidManifest.xml:82:13-44
200            android:enabled="false"
200-->[androidx.work:work-runtime:2.1.0] AndroidManifest.xml:83:13-36
201            android:exported="false" >
201-->[androidx.work:work-runtime:2.1.0] AndroidManifest.xml:84:13-37
202            <intent-filter>
202-->[androidx.work:work-runtime:2.1.0] AndroidManifest.xml:86:13-89:29
203                <action android:name="android.intent.action.DEVICE_STORAGE_LOW" />
203-->[androidx.work:work-runtime:2.1.0] AndroidManifest.xml:87:17-83
203-->[androidx.work:work-runtime:2.1.0] AndroidManifest.xml:87:25-80
204                <action android:name="android.intent.action.DEVICE_STORAGE_OK" />
204-->[androidx.work:work-runtime:2.1.0] AndroidManifest.xml:88:17-82
204-->[androidx.work:work-runtime:2.1.0] AndroidManifest.xml:88:25-79
205            </intent-filter>
206        </receiver>
207        <receiver
207-->[androidx.work:work-runtime:2.1.0] AndroidManifest.xml:91:9-100:20
208            android:name="androidx.work.impl.background.systemalarm.ConstraintProxy$NetworkStateProxy"
208-->[androidx.work:work-runtime:2.1.0] AndroidManifest.xml:92:13-103
209            android:directBootAware="false"
209-->[androidx.work:work-runtime:2.1.0] AndroidManifest.xml:93:13-44
210            android:enabled="false"
210-->[androidx.work:work-runtime:2.1.0] AndroidManifest.xml:94:13-36
211            android:exported="false" >
211-->[androidx.work:work-runtime:2.1.0] AndroidManifest.xml:95:13-37
212            <intent-filter>
212-->[androidx.work:work-runtime:2.1.0] AndroidManifest.xml:97:13-99:29
213                <action android:name="android.net.conn.CONNECTIVITY_CHANGE" />
213-->[androidx.work:work-runtime:2.1.0] AndroidManifest.xml:98:17-79
213-->[androidx.work:work-runtime:2.1.0] AndroidManifest.xml:98:25-76
214            </intent-filter>
215        </receiver>
216        <receiver
216-->[androidx.work:work-runtime:2.1.0] AndroidManifest.xml:101:9-112:20
217            android:name="androidx.work.impl.background.systemalarm.RescheduleReceiver"
217-->[androidx.work:work-runtime:2.1.0] AndroidManifest.xml:102:13-88
218            android:directBootAware="false"
218-->[androidx.work:work-runtime:2.1.0] AndroidManifest.xml:103:13-44
219            android:enabled="false"
219-->[androidx.work:work-runtime:2.1.0] AndroidManifest.xml:104:13-36
220            android:exported="false" >
220-->[androidx.work:work-runtime:2.1.0] AndroidManifest.xml:105:13-37
221            <intent-filter>
221-->[androidx.work:work-runtime:2.1.0] AndroidManifest.xml:107:13-111:29
222                <action android:name="android.intent.action.BOOT_COMPLETED" />
222-->[androidx.work:work-runtime:2.1.0] AndroidManifest.xml:108:17-79
222-->[androidx.work:work-runtime:2.1.0] AndroidManifest.xml:108:25-76
223                <action android:name="android.intent.action.TIME_SET" />
223-->[androidx.work:work-runtime:2.1.0] AndroidManifest.xml:109:17-73
223-->[androidx.work:work-runtime:2.1.0] AndroidManifest.xml:109:25-70
224                <action android:name="android.intent.action.TIMEZONE_CHANGED" />
224-->[androidx.work:work-runtime:2.1.0] AndroidManifest.xml:110:17-81
224-->[androidx.work:work-runtime:2.1.0] AndroidManifest.xml:110:25-78
225            </intent-filter>
226        </receiver>
227        <receiver
227-->[androidx.work:work-runtime:2.1.0] AndroidManifest.xml:113:9-122:20
228            android:name="androidx.work.impl.background.systemalarm.ConstraintProxyUpdateReceiver"
228-->[androidx.work:work-runtime:2.1.0] AndroidManifest.xml:114:13-99
229            android:directBootAware="false"
229-->[androidx.work:work-runtime:2.1.0] AndroidManifest.xml:115:13-44
230            android:enabled="@bool/enable_system_alarm_service_default"
230-->[androidx.work:work-runtime:2.1.0] AndroidManifest.xml:116:13-72
231            android:exported="false" >
231-->[androidx.work:work-runtime:2.1.0] AndroidManifest.xml:117:13-37
232            <intent-filter>
232-->[androidx.work:work-runtime:2.1.0] AndroidManifest.xml:119:13-121:29
233                <action android:name="androidx.work.impl.background.systemalarm.UpdateProxies" />
233-->[androidx.work:work-runtime:2.1.0] AndroidManifest.xml:120:17-98
233-->[androidx.work:work-runtime:2.1.0] AndroidManifest.xml:120:25-95
234            </intent-filter>
235        </receiver>
236
237        <service
237-->[androidx.room:room-runtime:2.3.0] AndroidManifest.xml:25:9-28:40
238            android:name="androidx.room.MultiInstanceInvalidationService"
238-->[androidx.room:room-runtime:2.3.0] AndroidManifest.xml:26:13-74
239            android:directBootAware="true"
239-->[androidx.room:room-runtime:2.3.0] AndroidManifest.xml:27:13-43
240            android:exported="false" />
240-->[androidx.room:room-runtime:2.3.0] AndroidManifest.xml:28:13-37
241
242        <activity
242-->[lib.kashif:folderpicker:2.4] AndroidManifest.xml:15:9-17:52
243            android:name="lib.folderpicker.FolderPicker"
243-->[lib.kashif:folderpicker:2.4] AndroidManifest.xml:16:13-57
244            android:screenOrientation="portrait" />
244-->[lib.kashif:folderpicker:2.4] AndroidManifest.xml:17:13-49
245
246        <meta-data
246-->[com.google.android.gms:play-services-basement:17.3.0] AndroidManifest.xml:23:9-25:69
247            android:name="com.google.android.gms.version"
247-->[com.google.android.gms:play-services-basement:17.3.0] AndroidManifest.xml:24:13-58
248            android:value="@integer/google_play_services_version" />
248-->[com.google.android.gms:play-services-basement:17.3.0] AndroidManifest.xml:25:13-66
249    </application>
250
251</manifest>